2023-12-11 01:42:30,575 - INFO - Player enes started playing.
2023-12-11 01:42:32,579 - INFO - Player enes exited the game.
2023-12-12 00:12:51,573 - INFO - Player enes started playing.
2023-12-12 00:15:11,730 - INFO - Player enes defeated Witcher!
2023-12-12 00:15:13,894 - INFO - Player enes got potion!
2023-12-12 00:15:14,676 - INFO - Player enes collected money.
2023-12-12 00:15:15,662 - INFO - Player enes  returned base.
2023-12-12 00:15:21,952 - INFO - Player enes started playing.
2023-12-12 00:15:37,009 - INFO - Player enes defeated Dragon!
2023-12-12 00:15:45,581 - INFO - Player enes collected money.
2023-12-12 00:15:48,255 - INFO - Player enes  returned base.
2023-12-12 00:15:54,149 - INFO - Player enes started playing.
2023-12-12 00:15:54,149 - INFO - Player enes visited the market.
2023-12-12 00:15:54,149 - INFO - Player enes entered the market.
2023-12-12 00:15:59,994 - ERROR - Invalid sword purchase attempt by Player enes.
2023-12-12 00:15:59,994 - INFO - Player enes entered the market.
2023-12-12 00:16:15,655 - INFO - Player enes started playing.
2023-12-12 00:16:30,530 - INFO - Player enes started playing.
2023-12-12 00:16:47,803 - INFO - Player enes defeated Zombie!
2023-12-12 00:16:52,333 - INFO - Player enes got potion!
2023-12-12 00:16:53,375 - INFO - Player enes collected money.
2023-12-12 00:16:55,900 - INFO - Player enes  returned base.
2023-12-12 00:17:01,807 - INFO - Player enes started playing.
2023-12-12 00:17:01,808 - INFO - Player enes visited the market.
2023-12-12 00:17:01,808 - INFO - Player enes entered the market.
2023-12-12 00:17:14,801 - INFO - Player enes started playing.
2023-12-12 00:17:26,949 - INFO - Player enes defeated Headhunter!
2023-12-12 00:17:31,531 - INFO - Player enes collected money.
2023-12-12 00:17:32,709 - INFO - Player enes  returned base.
2023-12-12 00:17:46,880 - INFO - Player enes started playing.
2023-12-12 00:17:56,939 - INFO - Player enes defeated Evil!
2023-12-12 00:18:01,519 - INFO - Player enes got potion!
2023-12-12 00:18:02,483 - INFO - Player enes collected money.
2023-12-12 00:18:03,498 - INFO - Player enes  returned base.
2023-12-12 00:18:10,017 - INFO - Player enes started playing.
2023-12-12 00:18:10,017 - INFO - Player enes visited the market.
2023-12-12 00:18:10,017 - INFO - Player enes entered the market.
2023-12-12 00:18:24,225 - INFO - Player enes started playing.
2023-12-12 00:18:44,643 - INFO - Player enes started playing.
2023-12-12 00:18:50,658 - INFO - Player enes started playing.
2023-12-12 00:18:56,685 - INFO - Player enes started playing.
2023-12-12 00:19:06,707 - INFO - Player enes defeated Orc!
2023-12-12 00:19:10,827 - INFO - Player enes got potion!
2023-12-12 00:19:12,816 - INFO - Player enes collected money.
2023-12-12 00:19:13,888 - INFO - Player enes  returned base.
2023-12-12 00:19:19,116 - INFO - Player enes started playing.
2023-12-12 00:19:19,117 - INFO - Player enes visited the market.
2023-12-12 00:19:19,117 - INFO - Player enes entered the market.
2023-12-12 00:19:37,439 - INFO - Player enes started playing.
2023-12-12 00:19:47,311 - INFO - Player enes defeated Goblin!
2023-12-12 00:19:50,480 - INFO - Player enes got potion!
2023-12-12 00:19:51,395 - INFO - Player enes collected money.
2023-12-12 00:19:53,459 - INFO - Player enes  returned base.
2023-12-12 00:19:59,787 - INFO - Player enes started playing.
2023-12-12 00:20:08,482 - INFO - Player enes defeated BigBoss!
2023-12-12 00:20:21,934 - INFO - Player enes started playing.
2023-12-12 00:20:23,946 - INFO - Player enes exited the game.
2023-12-30 13:41:04,451 - INFO - Player Enes started playing.
2023-12-30 13:41:04,452 - INFO - Player Enes visited the market.
2023-12-30 13:41:04,452 - INFO - Player Enes entered the market.
2023-12-30 13:41:50,713 - INFO - Player Enes started playing.
2023-12-30 13:42:39,879 - INFO - Player Enes defeated Headhunter!
2023-12-30 13:42:56,796 - INFO - Player Enes got potion!
2023-12-30 13:43:03,435 - INFO - Player Enes collected money.
2023-12-30 13:43:05,799 - INFO - Player Enes  returned base.
2023-12-30 13:43:12,964 - INFO - Player Enes started playing.
2023-12-30 13:43:51,128 - INFO - Player Enes started playing.
2023-12-30 13:43:56,456 - INFO - Player Enes started playing.
2023-12-30 13:44:17,004 - INFO - Player Enes started playing.
2023-12-30 13:44:17,004 - INFO - Player Enes visited the market.
2023-12-30 13:44:17,004 - INFO - Player Enes entered the market.
2023-12-30 13:44:46,075 - INFO - Player Enes started playing.
2023-12-30 13:44:48,075 - INFO - Player Enes exited the game.
